<?xml version="1.0" encoding="UTF-8"?>
<!-- Generated by org.testng.reporters.JUnitReportReporter -->
<testsuite hostname="DESKTOP-DRH83U0" failures="0" tests="1" name="staff_login.OpenToCreditTest" time="10.019" errors="0" timestamp="2023-01-10T12:55:09 IST" skipped="0">
  <testcase classname="staff_login.OpenToCreditTest" name="openToCredit" time="10.019"/>
  <system-out/>
</testsuite> <!-- staff_login.OpenToCreditTest -->
