<?xml version="1.0" encoding="UTF-8"?>
<!-- Generated by org.testng.reporters.JUnitReportReporter -->
<testsuite hostname="DESKTOP-DRH83U0" failures="0" tests="4" name="open_Account.OpenToApproveAccount" time="0.016" errors="0" timestamp="2023-01-06T15:37:17 IST" skipped="0">
  <testcase classname="open_Account.OpenToApproveAccount" name="update" time="0.001"/>
  <system-out/>
  <testcase classname="open_Account.OpenToApproveAccount" name="delete" time="0.001"/>
  <system-out/>
  <testcase classname="open_Account.OpenToApproveAccount" name="create" time="0.012"/>
  <system-out/>
  <testcase classname="open_Account.OpenToApproveAccount" name="update" time="0.002"/>
  <system-out/>
</testsuite> <!-- open_Account.OpenToApproveAccount -->
