<?xml version="1.0" encoding="UTF-8"?>
<!-- Generated by org.testng.reporters.JUnitReportReporter -->
<testsuite hostname="DESKTOP-DRH83U0" failures="0" tests="1" name="open_Account.Open_ApproveAccountTest" time="9.238" errors="0" timestamp="2023-01-10T15:21:27 IST" skipped="0">
  <testcase classname="open_Account.Open_ApproveAccountTest" name="OpenApproveAccount" time="9.238"/>
  <system-out/>
</testsuite> <!-- open_Account.Open_ApproveAccountTest -->
