<?xml version="1.0" encoding="UTF-8"?>
<!-- Generated by org.testng.reporters.JUnitReportReporter -->
<testsuite hostname="DESKTOP-DRH83U0" failures="0" tests="1" name="internet_banking.Rigister_Customer" time="19.013" errors="0" timestamp="2023-01-10T12:44:53 IST" skipped="0">
  <testcase classname="internet_banking.Rigister_Customer" name="rigisterCustomer" time="19.013"/>
  <system-out/>
</testsuite> <!-- internet_banking.Rigister_Customer -->
