<?xml version="1.0" encoding="UTF-8"?>
<!-- Generated by org.testng.reporters.JUnitReportReporter -->
<testsuite hostname="DESKTOP-DRH83U0" failures="0" tests="1" name="staff_login.StaffLoginToDeleteCustomerPage" time="7.107" errors="0" timestamp="2023-01-10T13:12:55 IST" skipped="0">
  <testcase classname="staff_login.StaffLoginToDeleteCustomerPage" name="staffLoginToDeleteCustomerpage" time="7.107"/>
  <system-out/>
</testsuite> <!-- staff_login.StaffLoginToDeleteCustomerPage -->
