<?xml version="1.0" encoding="UTF-8"?>
<!-- Generated by org.testng.reporters.JUnitReportReporter -->
<testsuite hostname="DESKTOP-DRH83U0" failures="0" tests="1" name="open_Account.OpenAccountTest" time="4.731" errors="0" timestamp="2023-01-19T10:32:58 IST" skipped="0">
  <testcase classname="open_Account.OpenAccountTest" name="OpenAccount" time="4.731"/>
  <system-out/>
</testsuite> <!-- open_Account.OpenAccountTest -->
