<?xml version="1.0" encoding="UTF-8"?>
<!-- Generated by org.testng.reporters.JUnitReportReporter -->
<testsuite hostname="DESKTOP-DRH83U0" failures="0" tests="1" name="staff_login.OpenToViewCustomerByAccNo" time="15.645" errors="0" timestamp="2023-01-10T13:05:09 IST" skipped="0">
  <testcase classname="staff_login.OpenToViewCustomerByAccNo" name="openToViewCustomerByAccNo" time="15.645"/>
  <system-out/>
</testsuite> <!-- staff_login.OpenToViewCustomerByAccNo -->
