<?xml version="1.0" encoding="UTF-8"?>
<!-- Generated by org.testng.reporters.JUnitReportReporter -->
<testsuite hostname="DESKTOP-DRH83U0" failures="0" tests="3" name="practice_package.Practice_Data_Provider" time="0.011" errors="0" timestamp="2023-01-06T16:51:04 IST" skipped="0">
  <testcase classname="practice_package.Practice_Data_Provider" name="traval" time="0.007"/>
  <system-out/>
  <testcase classname="practice_package.Practice_Data_Provider" name="traval" time="0.002"/>
  <system-out/>
  <testcase classname="practice_package.Practice_Data_Provider" name="traval" time="0.002"/>
  <system-out/>
</testsuite> <!-- practice_package.Practice_Data_Provider -->
