<?xml version="1.0" encoding="UTF-8"?>
<!-- Generated by org.testng.reporters.JUnitReportReporter -->
<testsuite hostname="DESKTOP-DRH83U0" failures="0" tests="1" name="Online_Banking_End_To_End_Test.OnlineBankingEndToEndTest" time="30.598" errors="0" timestamp="2023-01-10T13:51:24 IST" skipped="0">
  <testcase classname="Online_Banking_End_To_End_Test.OnlineBankingEndToEndTest" name="onlineBankingEndToEnd" time="30.598"/>
  <system-out/>
</testsuite> <!-- Online_Banking_End_To_End_Test.OnlineBankingEndToEndTest -->
